<?xml version="1.0" encoding="UTF-8"?>
<!-- Generated by org.testng.reporters.JUnitReportReporter -->
<testsuite hostname="DESKTOP-99AOFPH" failures="0" tests="1" name="stepDefinitions.CurrencyValidation" time="1.694" errors="0" timestamp="2024-12-31T12:43:12 IST" skipped="0">
  <testcase classname="stepDefinitions.CurrencyValidation" name="currencyTest" time="1.694"/>
</testsuite> <!-- stepDefinitions.CurrencyValidation -->
